
ROM used:   3246/16384 (20%)
            3246/16384 (20%) including unused fragments

            0.9 Average locations per line
            24.8 Average locations per statement

RAM used:   18/768 (2%) at main() level
            51/768 (7%) worst case

Stack used: 5 worst case (5 in main + 0 for interrupts)
Stack size: 31

Lines Stmts  %   Files
----- ----- ---  -----
   90    43  33  main.c
    8     0   0  main.h
  892     0   0  ..\..\..\..\Program Files (x86)\PICC\Devices\18F4431.h
  249    88  67  ..\..\..\..\Program Files (x86)\PICC\Devices\lcd.h
 2229     0   0  ..\..\..\..\Program Files (x86)\PICC\Drivers\math.h
----- -----
 3468   131 Total

Page ROM  %  RAM    Vol Diff  Functions:
---- --- --- ---    --- ----  ----------
0     56   1    4             @SFTOI
0    242   4   11             @MULFF
0    618  10   16             @ADDFF
0    348   5   14             @DIVFF
0     72   1    2             @SITOF
0     26   0    1             @delay_ms2
0     20   0    0             @const828
0     94   1    2    594  4.3  lcd_init
0     74   1    3    620  3.8  lcd_read_byte
0     82   1    2    204  3.2  lcd_read_nibble
0     64   1    3    313  3.4  lcd_send_byte
0     62   1    1    336  1.9  lcd_send_nibble
0     62   1    4    335  5.5  lcd_gotoxy
0     66   1    1    275  3.9  lcd_putc
0    350   5    4    923  3.7  xuatSo
0     66   1    5             @DIV1616
0     16   0    0             @const863
0     30   0    3             @PSTRINGCN_826
0     40   1    3             @DIV88
0    170   3    6             @PRINTF_D_826
0     16   0    0             @const877
0    452   7    4    347  4.5  PID_Conf
0     82   1    6             @MULS1616
0    134   2    0    292  3.3  MAIN
 Inline         0             @cinit1

Program metrics:
    Functions               10
    Statements              131
    Comments                338
    Volume (V)              6715
    Difficulty (D)          36.7
    Effort to implement (E) 246146
    Time to implement (T)   3 hours, 48 minutes
    Est Delivered Bugs (B)  1
    Cyclomatic Complexity   11
    Maintainability (MI)    116

 Segment     Used  Free
-----------  ----  ----
00000-00002     4  0  
00004-03FFE  3242  13138  



